# JRE version: OpenJDK Runtime Environment Temurin-17.0.6+10 (17.0.6+10) (build 17.0.6+10)
# Java VM: OpenJDK 64-Bit Server VM Temurin-17.0.6+10 (17.0.6+10, mixed mode, sharing, tiered, compressed oops, compressed class ptrs, g1 gc, windows-amd64)
GC Precious Log:
 CPUs: 4 total, 4 available
 Memory: 3930M
 Large Page Support: Disabled
 NUMA Support: Disabled
 Compressed Oops: Enabled (Zero based)
 Heap Region Size: 2M
 Heap Min Capacity: 8M
 Heap Initial Capacity: 62M
 Heap Max Capacity: 3G
 Pre-touch: Disabled
 Parallel Workers: 4
 Concurrent Workers: 1
 Concurrent Refinement Workers: 4
 Periodic GC: Disabled
Heap:
 garbage-first heap   total 120832K, used 50316K [0x0000000740000000, 0x0000000800000000)
  region size 2048K, 2 young (4096K), 2 survivors (4096K)
 Metaspace       used 56816K, committed 57344K, reserved 1105920K
  class space    used 7711K, committed 8000K, reserved 1048576K
GC Heap History (20 events):
Event: 21.705 GC heap after
{Heap after GC invocations=26 (full 0):
 garbage-first heap   total 90112K, used 47533K [0x0000000740000000, 0x0000000800000000)
  region size 2048K, 1 young (2048K), 1 survivors (2048K)
 Metaspace       used 53491K, committed 54016K, reserved 1097728K
  class space    used 7303K, committed 7552K, reserved 1048576K
}
Event: 22.097 GC heap before
{Heap before GC invocations=27 (full 0):
 garbage-first heap   total 100352K, used 68013K [0x0000000740000000, 0x0000000800000000)
  region size 2048K, 8 young (16384K), 1 survivors (2048K)
 Metaspace       used 53813K, committed 54336K, reserved 1097728K
  class space    used 7348K, committed 7616K, reserved 1048576K
}
Event: 22.099 GC heap after
{Heap after GC invocations=28 (full 0):
 garbage-first heap   total 100352K, used 47194K [0x0000000740000000, 0x0000000800000000)
  region size 2048K, 1 young (2048K), 1 survivors (2048K)
 Metaspace       used 53813K, committed 54336K, reserved 1097728K
  class space    used 7348K, committed 7616K, reserved 1048576K
}
Event: 22.241 GC heap before
{Heap before GC invocations=29 (full 0):
 garbage-first heap   total 100352K, used 55386K [0x0000000740000000, 0x0000000800000000)
  region size 2048K, 2 young (4096K), 1 survivors (2048K)
 Metaspace       used 53975K, committed 54528K, reserved 1097728K
  class space    used 7362K, committed 7616K, reserved 1048576K
}
Event: 22.243 GC heap after
{Heap after GC invocations=30 (full 0):
 garbage-first heap   total 100352K, used 47202K [0x0000000740000000, 0x0000000800000000)
  region size 2048K, 1 young (2048K), 1 survivors (2048K)
 Metaspace       used 53975K, committed 54528K, reserved 1097728K
  class space    used 7362K, committed 7616K, reserved 1048576K
}
Event: 22.379 GC heap before
{Heap before GC invocations=31 (full 0):
 garbage-first heap   total 100352K, used 49250K [0x0000000740000000, 0x0000000800000000)
  region size 2048K, 2 young (4096K), 1 survivors (2048K)
 Metaspace       used 53977K, committed 54528K, reserved 1097728K
  class space    used 7362K, committed 7616K, reserved 1048576K
}
Event: 22.381 GC heap after
{Heap after GC invocations=32 (full 0):
 garbage-first heap   total 100352K, used 47189K [0x0000000740000000, 0x0000000800000000)
  region size 2048K, 1 young (2048K), 1 survivors (2048K)
 Metaspace       used 53977K, committed 54528K, reserved 1097728K
  class space    used 7362K, committed 7616K, reserved 1048576K
}
Event: 23.222 GC heap before
{Heap before GC invocations=33 (full 0):
 garbage-first heap   total 100352K, used 69717K [0x0000000740000000, 0x0000000800000000)
  region size 2048K, 11 young (22528K), 1 survivors (2048K)
 Metaspace       used 55277K, committed 55808K, reserved 1097728K
  class space    used 7569K, committed 7808K, reserved 1048576K
}
Event: 23.229 GC heap after
{Heap after GC invocations=34 (full 0):
 garbage-first heap   total 100352K, used 48769K [0x0000000740000000, 0x0000000800000000)
  region size 2048K, 1 young (2048K), 1 survivors (2048K)
 Metaspace       used 55277K, committed 55808K, reserved 1097728K
  class space    used 7569K, committed 7808K, reserved 1048576K
}
Event: 23.516 GC heap before
{Heap before GC invocations=35 (full 0):
 garbage-first heap   total 100352K, used 56961K [0x0000000740000000, 0x0000000800000000)
  region size 2048K, 4 young (8192K), 1 survivors (2048K)
 Metaspace       used 56221K, committed 56704K, reserved 1097728K
  class space    used 7654K, committed 7872K, reserved 1048576K
}
Event: 23.520 GC heap after
{Heap after GC invocations=36 (full 0):
 garbage-first heap   total 120832K, used 49171K [0x0000000740000000, 0x0000000800000000)
  region size 2048K, 2 young (4096K), 2 survivors (4096K)
 Metaspace       used 56221K, committed 56704K, reserved 1097728K
  class space    used 7654K, committed 7872K, reserved 1048576K
}
Event: 24.244 GC heap before
{Heap before GC invocations=36 (full 0):
 garbage-first heap   total 120832K, used 83987K [0x0000000740000000, 0x0000000800000000)
  region size 2048K, 9 young (18432K), 2 survivors (4096K)
 Metaspace       used 56590K, committed 57088K, reserved 1105920K
  class space    used 7669K, committed 7936K, reserved 1048576K
}
Event: 24.249 GC heap after
{Heap after GC invocations=37 (full 0):
 garbage-first heap   total 120832K, used 49955K [0x0000000740000000, 0x0000000800000000)
  region size 2048K, 2 young (4096K), 2 survivors (4096K)
 Metaspace       used 56590K, committed 57088K, reserved 1105920K
  class space    used 7669K, committed 7936K, reserved 1048576K
}
Event: 24.380 GC heap before
{Heap before GC invocations=37 (full 0):
 garbage-first heap   total 120832K, used 72483K [0x0000000740000000, 0x0000000800000000)
  region size 2048K, 3 young (6144K), 2 survivors (4096K)
 Metaspace       used 56591K, committed 57088K, reserved 1105920K
  class space    used 7669K, committed 7936K, reserved 1048576K
}
Event: 24.384 GC heap after
{Heap after GC invocations=38 (full 0):
 garbage-first heap   total 120832K, used 49961K [0x0000000740000000, 0x0000000800000000)
  region size 2048K, 2 young (4096K), 2 survivors (4096K)
 Metaspace       used 56591K, committed 57088K, reserved 1105920K
  class space    used 7669K, committed 7936K, reserved 1048576K
}
Event: 24.402 GC heap before
{Heap before GC invocations=38 (full 0):
 garbage-first heap   total 120832K, used 52009K [0x0000000740000000, 0x0000000800000000)
  region size 2048K, 3 young (6144K), 2 survivors (4096K)
 Metaspace       used 56591K, committed 57088K, reserved 1105920K
  class space    used 7669K, committed 7936K, reserved 1048576K
}
Event: 24.407 GC heap after
{Heap after GC invocations=39 (full 0):
 garbage-first heap   total 120832K, used 49997K [0x0000000740000000, 0x0000000800000000)
  region size 2048K, 2 young (4096K), 2 survivors (4096K)
 Metaspace       used 56591K, committed 57088K, reserved 1105920K
  class space    used 7669K, committed 7936K, reserved 1048576K
}
Event: 24.517 GC heap before
{Heap before GC invocations=39 (full 0):
 garbage-first heap   total 120832K, used 72525K [0x0000000740000000, 0x0000000800000000)
  region size 2048K, 3 young (6144K), 2 survivors (4096K)
 Metaspace       used 56591K, committed 57088K, reserved 1105920K
  class space    used 7669K, committed 7936K, reserved 1048576K
}
Event: 24.521 GC heap after
{Heap after GC invocations=40 (full 0):
 garbage-first heap   total 120832K, used 50006K [0x0000000740000000, 0x0000000800000000)
  region size 2048K, 2 young (4096K), 2 survivors (4096K)
 Metaspace       used 56591K, committed 57088K, reserved 1105920K
  class space    used 7669K, committed 7936K, reserved 1048576K
}
Event: 24.604 GC heap before
{Heap before GC invocations=40 (full 0):
 garbage-first heap   total 120832K, used 58198K [0x0000000740000000, 0x0000000800000000)
  region size 2048K, 4 young (8192K), 2 survivors (4096K)
 Metaspace       used 56816K, committed 57344K, reserved 1105920K
  class space    used 7711K, committed 8000K, reserved 1048576K
}

