# JRE version: OpenJDK Runtime Environment Temurin-17.0.6+10 (17.0.6+10) (build 17.0.6+10)
# Java VM: OpenJDK 64-Bit Server VM Temurin-17.0.6+10 (17.0.6+10, mixed mode, sharing, tiered, compressed oops, compressed class ptrs, g1 gc, windows-amd64)
GC Precious Log:
 CPUs: 4 total, 4 available
 Memory: 3930M
 Large Page Support: Disabled
 NUMA Support: Disabled
 Compressed Oops: Enabled (Zero based)
 Heap Region Size: 2M
 Heap Min Capacity: 8M
 Heap Initial Capacity: 62M
 Heap Max Capacity: 3G
 Pre-touch: Disabled
 Parallel Workers: 4
 Concurrent Workers: 1
 Concurrent Refinement Workers: 4
 Periodic GC: Disabled
Heap:
 garbage-first heap   total 63488K, used 24624K [0x0000000740000000, 0x0000000800000000)
  region size 2048K, 5 young (10240K), 1 survivors (2048K)
 Metaspace       used 13424K, committed 13696K, reserved 1064960K
  class space    used 1915K, committed 2048K, reserved 1048576K
GC Heap History (10 events):
Event: 2.099 GC heap before
{Heap before GC invocations=0 (full 0):
 garbage-first heap   total 63488K, used 14336K [0x0000000740000000, 0x0000000800000000)
  region size 2048K, 6 young (12288K), 0 survivors (0K)
 Metaspace       used 928K, committed 1088K, reserved 1056768K
  class space    used 73K, committed 128K, reserved 1048576K
}
Event: 2.104 GC heap after
{Heap after GC invocations=1 (full 0):
 garbage-first heap   total 63488K, used 3349K [0x0000000740000000, 0x0000000800000000)
  region size 2048K, 1 young (2048K), 1 survivors (2048K)
 Metaspace       used 928K, committed 1088K, reserved 1056768K
  class space    used 73K, committed 128K, reserved 1048576K
}
Event: 2.638 GC heap before
{Heap before GC invocations=1 (full 0):
 garbage-first heap   total 63488K, used 19733K [0x0000000740000000, 0x0000000800000000)
  region size 2048K, 7 young (14336K), 1 survivors (2048K)
 Metaspace       used 3048K, committed 3200K, reserved 1056768K
  class space    used 385K, committed 448K, reserved 1048576K
}
Event: 2.642 GC heap after
{Heap after GC invocations=2 (full 0):
 garbage-first heap   total 63488K, used 10054K [0x0000000740000000, 0x0000000800000000)
  region size 2048K, 1 young (2048K), 1 survivors (2048K)
 Metaspace       used 3048K, committed 3200K, reserved 1056768K
  class space    used 385K, committed 448K, reserved 1048576K
}
Event: 3.013 GC heap before
{Heap before GC invocations=2 (full 0):
 garbage-first heap   total 63488K, used 26438K [0x0000000740000000, 0x0000000800000000)
  region size 2048K, 9 young (18432K), 1 survivors (2048K)
 Metaspace       used 3840K, committed 4032K, reserved 1056768K
  class space    used 475K, committed 576K, reserved 1048576K
}
Event: 3.016 GC heap after
{Heap after GC invocations=3 (full 0):
 garbage-first heap   total 63488K, used 10581K [0x0000000740000000, 0x0000000800000000)
  region size 2048K, 2 young (4096K), 2 survivors (4096K)
 Metaspace       used 3840K, committed 4032K, reserved 1056768K
  class space    used 475K, committed 576K, reserved 1048576K
}
Event: 4.434 GC heap before
{Heap before GC invocations=3 (full 0):
 garbage-first heap   total 63488K, used 39253K [0x0000000740000000, 0x0000000800000000)
  region size 2048K, 17 young (34816K), 2 survivors (4096K)
 Metaspace       used 8160K, committed 8320K, reserved 1056768K
  class space    used 1098K, committed 1152K, reserved 1048576K
}
Event: 4.443 GC heap after
{Heap after GC invocations=4 (full 0):
 garbage-first heap   total 63488K, used 16753K [0x0000000740000000, 0x0000000800000000)
  region size 2048K, 3 young (6144K), 3 survivors (6144K)
 Metaspace       used 8160K, committed 8320K, reserved 1056768K
  class space    used 1098K, committed 1152K, reserved 1048576K
}
Event: 5.268 GC heap before
{Heap before GC invocations=4 (full 0):
 garbage-first heap   total 63488K, used 35185K [0x0000000740000000, 0x0000000800000000)
  region size 2048K, 13 young (26624K), 3 survivors (6144K)
 Metaspace       used 11947K, committed 12160K, reserved 1064960K
  class space    used 1722K, committed 1792K, reserved 1048576K
}
Event: 5.277 GC heap after
{Heap after GC invocations=5 (full 0):
 garbage-first heap   total 63488K, used 18480K [0x0000000740000000, 0x0000000800000000)
  region size 2048K, 1 young (2048K), 1 survivors (2048K)
 Metaspace       used 11947K, committed 12160K, reserved 1064960K
  class space    used 1722K, committed 1792K, reserved 1048576K
}

